<?xml version="1.0" encoding="UTF-8"?>
<testng-results skipped="0" failed="0" ignored="0" total="1" passed="1">
  <reporter-output>
  </reporter-output>
  <suite name="Surefire suite" duration-ms="80" started-at="2022-01-25T14:34:38Z" finished-at="2022-01-25T14:34:38Z">
    <groups>
    </groups>
    <test name="Surefire test" duration-ms="80" started-at="2022-01-25T14:34:38Z" finished-at="2022-01-25T14:34:38Z">
      <class name="TrainingJan22.Demo1.AppTest">
        <test-method status="PASS" signature="shouldAnswerWithTrue()" name="shouldAnswerWithTrue" duration-ms="29" started-at="2022-01-25T14:34:38Z" finished-at="2022-01-25T14:34:38Z">
          <reporter-output>
          </reporter-output>
        </test-method> <!-- shouldAnswerWithTrue -->
      </class> <!-- TrainingJan22.Demo1.AppTest -->
    </test> <!-- Surefire test -->
  </suite> <!-- Surefire suite -->
</testng-results>
